{"C:\\Users\\User\\Desktop\\universal-browser-engine\\src\\detection\\index.js": {"path":"C:\\Users\\User\\Desktop\\universal-browser-engine\\src\\detection\\index.js","statementMap":{"0":{"start":{"line":3,"column":21},"end":{"line":3,"column":25}},"1":{"start":{"line":4,"column":17},"end":{"line":4,"column":21}},"2":{"start":{"line":5,"column":22},"end":{"line":5,"column":23}},"3":{"start":{"line":6,"column":23},"end":{"line":6,"column":29}},"4":{"start":{"line":9,"column":2},"end":{"line":9,"column":38}},"5":{"start":{"line":13,"column":2},"end":{"line":15,"column":3}},"6":{"start":{"line":14,"column":4},"end":{"line":14,"column":26}},"7":{"start":{"line":17,"column":2},"end":{"line":55,"column":3}},"8":{"start":{"line":18,"column":22},"end":{"line":18,"column":47}},"9":{"start":{"line":19,"column":21},"end":{"line":19,"column":52}},"10":{"start":{"line":23,"column":4},"end":{"line":43,"column":5}},"11":{"start":{"line":24,"column":6},"end":{"line":24,"column":29}},"12":{"start":{"line":25,"column":11},"end":{"line":43,"column":5}},"13":{"start":{"line":26,"column":6},"end":{"line":26,"column":31}},"14":{"start":{"line":27,"column":11},"end":{"line":43,"column":5}},"15":{"start":{"line":34,"column":6},"end":{"line":34,"column":30}},"16":{"start":{"line":35,"column":11},"end":{"line":43,"column":5}},"17":{"start":{"line":36,"column":6},"end":{"line":36,"column":36}},"18":{"start":{"line":37,"column":11},"end":{"line":43,"column":5}},"19":{"start":{"line":38,"column":6},"end":{"line":38,"column":37}},"20":{"start":{"line":39,"column":11},"end":{"line":43,"column":5}},"21":{"start":{"line":40,"column":6},"end":{"line":40,"column":29}},"22":{"start":{"line":42,"column":6},"end":{"line":42,"column":31}},"23":{"start":{"line":45,"column":4},"end":{"line":47,"column":5}},"24":{"start":{"line":46,"column":6},"end":{"line":46,"column":46}},"25":{"start":{"line":49,"column":4},"end":{"line":49,"column":34}},"26":{"start":{"line":50,"column":4},"end":{"line":50,"column":33}},"27":{"start":{"line":51,"column":4},"end":{"line":51,"column":50}},"28":{"start":{"line":52,"column":4},"end":{"line":52,"column":24}},"29":{"start":{"line":54,"column":4},"end":{"line":54,"column":21}},"30":{"start":{"line":59,"column":2},"end":{"line":59,"column":57}},"31":{"start":{"line":59,"column":39},"end":{"line":59,"column":57}},"32":{"start":{"line":61,"column":2},"end":{"line":78,"column":3}},"33":{"start":{"line":62,"column":22},"end":{"line":62,"column":47}},"34":{"start":{"line":63,"column":13},"end":{"line":63,"column":25}},"35":{"start":{"line":65,"column":4},"end":{"line":71,"column":54}},"36":{"start":{"line":65,"column":47},"end":{"line":65,"column":65}},"37":{"start":{"line":66,"column":9},"end":{"line":71,"column":54}},"38":{"start":{"line":66,"column":51},"end":{"line":66,"column":68}},"39":{"start":{"line":67,"column":9},"end":{"line":71,"column":54}},"40":{"start":{"line":67,"column":51},"end":{"line":67,"column":68}},"41":{"start":{"line":68,"column":9},"end":{"line":71,"column":54}},"42":{"start":{"line":68,"column":46},"end":{"line":68,"column":59}},"43":{"start":{"line":69,"column":9},"end":{"line":71,"column":54}},"44":{"start":{"line":69,"column":40},"end":{"line":69,"column":53}},"45":{"start":{"line":70,"column":9},"end":{"line":71,"column":54}},"46":{"start":{"line":70,"column":44},"end":{"line":70,"column":59}},"47":{"start":{"line":71,"column":9},"end":{"line":71,"column":54}},"48":{"start":{"line":71,"column":43},"end":{"line":71,"column":54}},"49":{"start":{"line":73,"column":4},"end":{"line":73,"column":20}},"50":{"start":{"line":74,"column":4},"end":{"line":74,"column":50}},"51":{"start":{"line":75,"column":4},"end":{"line":75,"column":14}},"52":{"start":{"line":77,"column":4},"end":{"line":77,"column":24}},"53":{"start":{"line":82,"column":2},"end":{"line":82,"column":24}},"54":{"start":{"line":83,"column":2},"end":{"line":83,"column":20}},"55":{"start":{"line":84,"column":2},"end":{"line":84,"column":22}},"56":{"start":{"line":88,"column":2},"end":{"line":95,"column":3}},"57":{"start":{"line":89,"column":4},"end":{"line":92,"column":6}},"58":{"start":{"line":94,"column":4},"end":{"line":94,"column":17}},"59":{"start":{"line":99,"column":2},"end":{"line":111,"column":5}},"60":{"start":{"line":100,"column":4},"end":{"line":110,"column":13}},"61":{"start":{"line":101,"column":6},"end":{"line":109,"column":7}},"62":{"start":{"line":102,"column":8},"end":{"line":106,"column":10}},"63":{"start":{"line":108,"column":8},"end":{"line":108,"column":27}},"64":{"start":{"line":115,"column":2},"end":{"line":133,"column":5}},"65":{"start":{"line":116,"column":4},"end":{"line":132,"column":13}},"66":{"start":{"line":117,"column":6},"end":{"line":131,"column":7}},"67":{"start":{"line":118,"column":23},"end":{"line":118,"column":55}},"68":{"start":{"line":120,"column":10},"end":{"line":120,"column":79}},"69":{"start":{"line":121,"column":8},"end":{"line":121,"column":47}},"70":{"start":{"line":121,"column":17},"end":{"line":121,"column":47}},"71":{"start":{"line":123,"column":26},"end":{"line":123,"column":70}},"72":{"start":{"line":124,"column":8},"end":{"line":128,"column":10}},"73":{"start":{"line":130,"column":8},"end":{"line":130,"column":31}},"74":{"start":{"line":137,"column":2},"end":{"line":145,"column":5}},"75":{"start":{"line":138,"column":4},"end":{"line":144,"column":13}},"76":{"start":{"line":139,"column":6},"end":{"line":143,"column":7}},"77":{"start":{"line":140,"column":8},"end":{"line":140,"column":74}},"78":{"start":{"line":142,"column":8},"end":{"line":142,"column":23}},"79":{"start":{"line":149,"column":2},"end":{"line":153,"column":3}},"80":{"start":{"line":150,"column":4},"end":{"line":150,"column":46}},"81":{"start":{"line":152,"column":4},"end":{"line":152,"column":30}},"82":{"start":{"line":157,"column":2},"end":{"line":161,"column":3}},"83":{"start":{"line":158,"column":4},"end":{"line":158,"column":49}},"84":{"start":{"line":160,"column":4},"end":{"line":160,"column":17}},"85":{"start":{"line":165,"column":2},"end":{"line":172,"column":3}},"86":{"start":{"line":166,"column":28},"end":{"line":166,"column":68}},"87":{"start":{"line":167,"column":4},"end":{"line":169,"column":32}},"88":{"start":{"line":171,"column":4},"end":{"line":171,"column":54}},"89":{"start":{"line":176,"column":2},"end":{"line":187,"column":3}},"90":{"start":{"line":177,"column":19},"end":{"line":177,"column":51}},"91":{"start":{"line":179,"column":6},"end":{"line":179,"column":75}},"92":{"start":{"line":180,"column":4},"end":{"line":184,"column":5}},"93":{"start":{"line":181,"column":6},"end":{"line":181,"column":93}},"94":{"start":{"line":183,"column":6},"end":{"line":183,"column":61}},"95":{"start":{"line":186,"column":4},"end":{"line":186,"column":45}}},"fnMap":{"0":{"name":"isCacheExpired","decl":{"start":{"line":8,"column":9},"end":{"line":8,"column":23}},"loc":{"start":{"line":8,"column":26},"end":{"line":10,"column":1}},"line":8},"1":{"name":"detectBrowserEngine","decl":{"start":{"line":12,"column":16},"end":{"line":12,"column":35}},"loc":{"start":{"line":12,"column":38},"end":{"line":56,"column":1}},"line":12},"2":{"name":"detectOS","decl":{"start":{"line":58,"column":16},"end":{"line":58,"column":24}},"loc":{"start":{"line":58,"column":27},"end":{"line":79,"column":1}},"line":58},"3":{"name":"resetBrowserEngineCache","decl":{"start":{"line":81,"column":16},"end":{"line":81,"column":39}},"loc":{"start":{"line":81,"column":42},"end":{"line":85,"column":1}},"line":81},"4":{"name":"isDarkModeEnabled","decl":{"start":{"line":87,"column":16},"end":{"line":87,"column":33}},"loc":{"start":{"line":87,"column":36},"end":{"line":96,"column":1}},"line":87},"5":{"name":"getNetworkSpeed","decl":{"start":{"line":98,"column":16},"end":{"line":98,"column":31}},"loc":{"start":{"line":98,"column":34},"end":{"line":112,"column":1}},"line":98},"6":{"name":"(anonymous_6)","decl":{"start":{"line":99,"column":21},"end":{"line":99,"column":22}},"loc":{"start":{"line":99,"column":34},"end":{"line":111,"column":3}},"line":99},"7":{"name":"(anonymous_7)","decl":{"start":{"line":100,"column":15},"end":{"line":100,"column":16}},"loc":{"start":{"line":100,"column":21},"end":{"line":110,"column":5}},"line":100},"8":{"name":"getGPUInfo","decl":{"start":{"line":114,"column":16},"end":{"line":114,"column":26}},"loc":{"start":{"line":114,"column":29},"end":{"line":134,"column":1}},"line":114},"9":{"name":"(anonymous_9)","decl":{"start":{"line":115,"column":21},"end":{"line":115,"column":22}},"loc":{"start":{"line":115,"column":34},"end":{"line":133,"column":3}},"line":115},"10":{"name":"(anonymous_10)","decl":{"start":{"line":116,"column":15},"end":{"line":116,"column":16}},"loc":{"start":{"line":116,"column":21},"end":{"line":132,"column":5}},"line":116},"11":{"name":"isTouchDevice","decl":{"start":{"line":136,"column":16},"end":{"line":136,"column":29}},"loc":{"start":{"line":136,"column":32},"end":{"line":146,"column":1}},"line":136},"12":{"name":"(anonymous_12)","decl":{"start":{"line":137,"column":21},"end":{"line":137,"column":22}},"loc":{"start":{"line":137,"column":34},"end":{"line":145,"column":3}},"line":137},"13":{"name":"(anonymous_13)","decl":{"start":{"line":138,"column":15},"end":{"line":138,"column":16}},"loc":{"start":{"line":138,"column":21},"end":{"line":144,"column":5}},"line":138},"14":{"name":"getReferrer","decl":{"start":{"line":148,"column":16},"end":{"line":148,"column":27}},"loc":{"start":{"line":148,"column":30},"end":{"line":154,"column":1}},"line":148},"15":{"name":"isConnectionSecure","decl":{"start":{"line":156,"column":16},"end":{"line":156,"column":34}},"loc":{"start":{"line":156,"column":37},"end":{"line":162,"column":1}},"line":156},"16":{"name":"detectBrowserVulnerabilities","decl":{"start":{"line":164,"column":16},"end":{"line":164,"column":44}},"loc":{"start":{"line":164,"column":47},"end":{"line":173,"column":1}},"line":164},"17":{"name":"detectFingerprinting","decl":{"start":{"line":175,"column":16},"end":{"line":175,"column":36}},"loc":{"start":{"line":175,"column":39},"end":{"line":188,"column":1}},"line":175}},"branchMap":{"0":{"loc":{"start":{"line":13,"column":2},"end":{"line":15,"column":3}},"type":"if","locations":[{"start":{"line":13,"column":2},"end":{"line":15,"column":3}},{"start":{},"end":{}}],"line":13},"1":{"loc":{"start":{"line":13,"column":6},"end":{"line":13,"column":41}},"type":"binary-expr","locations":[{"start":{"line":13,"column":6},"end":{"line":13,"column":20}},{"start":{"line":13,"column":24},"end":{"line":13,"column":41}}],"line":13},"2":{"loc":{"start":{"line":18,"column":22},"end":{"line":18,"column":47}},"type":"binary-expr","locations":[{"start":{"line":18,"column":22},"end":{"line":18,"column":41}},{"start":{"line":18,"column":45},"end":{"line":18,"column":47}}],"line":18},"3":{"loc":{"start":{"line":23,"column":4},"end":{"line":43,"column":5}},"type":"if","locations":[{"start":{"line":23,"column":4},"end":{"line":43,"column":5}},{"start":{"line":25,"column":11},"end":{"line":43,"column":5}}],"line":23},"4":{"loc":{"start":{"line":23,"column":8},"end":{"line":23,"column":68}},"type":"binary-expr","locations":[{"start":{"line":23,"column":8},"end":{"line":23,"column":35}},{"start":{"line":23,"column":39},"end":{"line":23,"column":68}}],"line":23},"5":{"loc":{"start":{"line":25,"column":11},"end":{"line":43,"column":5}},"type":"if","locations":[{"start":{"line":25,"column":11},"end":{"line":43,"column":5}},{"start":{"line":27,"column":11},"end":{"line":43,"column":5}}],"line":25},"6":{"loc":{"start":{"line":25,"column":15},"end":{"line":25,"column":74}},"type":"binary-expr","locations":[{"start":{"line":25,"column":15},"end":{"line":25,"column":44}},{"start":{"line":25,"column":48},"end":{"line":25,"column":74}}],"line":25},"7":{"loc":{"start":{"line":27,"column":11},"end":{"line":43,"column":5}},"type":"if","locations":[{"start":{"line":27,"column":11},"end":{"line":43,"column":5}},{"start":{"line":35,"column":11},"end":{"line":43,"column":5}}],"line":27},"8":{"loc":{"start":{"line":28,"column":6},"end":{"line":32,"column":32}},"type":"binary-expr","locations":[{"start":{"line":28,"column":6},"end":{"line":28,"column":34}},{"start":{"line":29,"column":6},"end":{"line":29,"column":35}},{"start":{"line":30,"column":6},"end":{"line":30,"column":37}},{"start":{"line":31,"column":6},"end":{"line":31,"column":32}},{"start":{"line":32,"column":6},"end":{"line":32,"column":32}}],"line":28},"9":{"loc":{"start":{"line":35,"column":11},"end":{"line":43,"column":5}},"type":"if","locations":[{"start":{"line":35,"column":11},"end":{"line":43,"column":5}},{"start":{"line":37,"column":11},"end":{"line":43,"column":5}}],"line":35},"10":{"loc":{"start":{"line":37,"column":11},"end":{"line":43,"column":5}},"type":"if","locations":[{"start":{"line":37,"column":11},"end":{"line":43,"column":5}},{"start":{"line":39,"column":11},"end":{"line":43,"column":5}}],"line":37},"11":{"loc":{"start":{"line":39,"column":11},"end":{"line":43,"column":5}},"type":"if","locations":[{"start":{"line":39,"column":11},"end":{"line":43,"column":5}},{"start":{"line":41,"column":11},"end":{"line":43,"column":5}}],"line":39},"12":{"loc":{"start":{"line":39,"column":15},"end":{"line":39,"column":77}},"type":"binary-expr","locations":[{"start":{"line":39,"column":15},"end":{"line":39,"column":43}},{"start":{"line":39,"column":47},"end":{"line":39,"column":77}}],"line":39},"13":{"loc":{"start":{"line":45,"column":4},"end":{"line":47,"column":5}},"type":"if","locations":[{"start":{"line":45,"column":4},"end":{"line":47,"column":5}},{"start":{},"end":{}}],"line":45},"14":{"loc":{"start":{"line":45,"column":8},"end":{"line":45,"column":46}},"type":"binary-expr","locations":[{"start":{"line":45,"column":8},"end":{"line":45,"column":16}},{"start":{"line":45,"column":20},"end":{"line":45,"column":46}}],"line":45},"15":{"loc":{"start":{"line":59,"column":2},"end":{"line":59,"column":57}},"type":"if","locations":[{"start":{"line":59,"column":2},"end":{"line":59,"column":57}},{"start":{},"end":{}}],"line":59},"16":{"loc":{"start":{"line":59,"column":6},"end":{"line":59,"column":37}},"type":"binary-expr","locations":[{"start":{"line":59,"column":6},"end":{"line":59,"column":16}},{"start":{"line":59,"column":20},"end":{"line":59,"column":37}}],"line":59},"17":{"loc":{"start":{"line":62,"column":22},"end":{"line":62,"column":47}},"type":"binary-expr","locations":[{"start":{"line":62,"column":22},"end":{"line":62,"column":41}},{"start":{"line":62,"column":45},"end":{"line":62,"column":47}}],"line":62},"18":{"loc":{"start":{"line":65,"column":4},"end":{"line":71,"column":54}},"type":"if","locations":[{"start":{"line":65,"column":4},"end":{"line":71,"column":54}},{"start":{"line":66,"column":9},"end":{"line":71,"column":54}}],"line":65},"19":{"loc":{"start":{"line":66,"column":9},"end":{"line":71,"column":54}},"type":"if","locations":[{"start":{"line":66,"column":9},"end":{"line":71,"column":54}},{"start":{"line":67,"column":9},"end":{"line":71,"column":54}}],"line":66},"20":{"loc":{"start":{"line":67,"column":9},"end":{"line":71,"column":54}},"type":"if","locations":[{"start":{"line":67,"column":9},"end":{"line":71,"column":54}},{"start":{"line":68,"column":9},"end":{"line":71,"column":54}}],"line":67},"21":{"loc":{"start":{"line":68,"column":9},"end":{"line":71,"column":54}},"type":"if","locations":[{"start":{"line":68,"column":9},"end":{"line":71,"column":54}},{"start":{"line":69,"column":9},"end":{"line":71,"column":54}}],"line":68},"22":{"loc":{"start":{"line":69,"column":9},"end":{"line":71,"column":54}},"type":"if","locations":[{"start":{"line":69,"column":9},"end":{"line":71,"column":54}},{"start":{"line":70,"column":9},"end":{"line":71,"column":54}}],"line":69},"23":{"loc":{"start":{"line":70,"column":9},"end":{"line":71,"column":54}},"type":"if","locations":[{"start":{"line":70,"column":9},"end":{"line":71,"column":54}},{"start":{"line":71,"column":9},"end":{"line":71,"column":54}}],"line":70},"24":{"loc":{"start":{"line":71,"column":9},"end":{"line":71,"column":54}},"type":"if","locations":[{"start":{"line":71,"column":9},"end":{"line":71,"column":54}},{"start":{},"end":{}}],"line":71},"25":{"loc":{"start":{"line":90,"column":6},"end":{"line":91,"column":63}},"type":"binary-expr","locations":[{"start":{"line":90,"column":6},"end":{"line":90,"column":23}},{"start":{"line":91,"column":6},"end":{"line":91,"column":63}}],"line":90},"26":{"loc":{"start":{"line":103,"column":10},"end":{"line":105,"column":23}},"type":"cond-expr","locations":[{"start":{"line":104,"column":14},"end":{"line":104,"column":52}},{"start":{"line":105,"column":14},"end":{"line":105,"column":23}}],"line":103},"27":{"loc":{"start":{"line":120,"column":10},"end":{"line":120,"column":79}},"type":"binary-expr","locations":[{"start":{"line":120,"column":10},"end":{"line":120,"column":36}},{"start":{"line":120,"column":40},"end":{"line":120,"column":79}}],"line":120},"28":{"loc":{"start":{"line":121,"column":8},"end":{"line":121,"column":47}},"type":"if","locations":[{"start":{"line":121,"column":8},"end":{"line":121,"column":47}},{"start":{},"end":{}}],"line":121},"29":{"loc":{"start":{"line":125,"column":10},"end":{"line":127,"column":27}},"type":"cond-expr","locations":[{"start":{"line":126,"column":14},"end":{"line":126,"column":64}},{"start":{"line":127,"column":14},"end":{"line":127,"column":27}}],"line":125},"30":{"loc":{"start":{"line":140,"column":16},"end":{"line":140,"column":72}},"type":"binary-expr","locations":[{"start":{"line":140,"column":16},"end":{"line":140,"column":40}},{"start":{"line":140,"column":44},"end":{"line":140,"column":72}}],"line":140},"31":{"loc":{"start":{"line":150,"column":11},"end":{"line":150,"column":45}},"type":"binary-expr","locations":[{"start":{"line":150,"column":11},"end":{"line":150,"column":28}},{"start":{"line":150,"column":32},"end":{"line":150,"column":45}}],"line":150},"32":{"loc":{"start":{"line":167,"column":11},"end":{"line":169,"column":31}},"type":"cond-expr","locations":[{"start":{"line":168,"column":8},"end":{"line":168,"column":43}},{"start":{"line":169,"column":8},"end":{"line":169,"column":31}}],"line":167},"33":{"loc":{"start":{"line":179,"column":6},"end":{"line":179,"column":75}},"type":"binary-expr","locations":[{"start":{"line":179,"column":6},"end":{"line":179,"column":32}},{"start":{"line":179,"column":36},"end":{"line":179,"column":75}}],"line":179},"34":{"loc":{"start":{"line":180,"column":4},"end":{"line":184,"column":5}},"type":"if","locations":[{"start":{"line":180,"column":4},"end":{"line":184,"column":5}},{"start":{"line":182,"column":11},"end":{"line":184,"column":5}}],"line":180}},"s":{"0":2,"1":2,"2":2,"3":2,"4":1,"5":10,"6":1,"7":9,"8":9,"9":9,"10":9,"11":1,"12":8,"13":1,"14":7,"15":1,"16":6,"17":1,"18":5,"19":1,"20":4,"21":3,"22":1,"23":9,"24":1,"25":9,"26":9,"27":9,"28":9,"29":0,"30":0,"31":0,"32":0,"33":0,"34":0,"35":0,"36":0,"37":0,"38":0,"39":0,"40":0,"41":0,"42":0,"43":0,"44":0,"45":0,"46":0,"47":0,"48":0,"49":0,"50":0,"51":0,"52":0,"53":23,"54":23,"55":23,"56":2,"57":2,"58":0,"59":3,"60":3,"61":3,"62":3,"63":1,"64":1,"65":1,"66":1,"67":1,"68":1,"69":1,"70":0,"71":1,"72":1,"73":0,"74":1,"75":1,"76":1,"77":1,"78":0,"79":1,"80":1,"81":0,"82":2,"83":2,"84":0,"85":2,"86":2,"87":2,"88":0,"89":2,"90":2,"91":2,"92":2,"93":1,"94":1,"95":0},"f":{"0":1,"1":10,"2":0,"3":23,"4":2,"5":3,"6":3,"7":3,"8":1,"9":1,"10":1,"11":1,"12":1,"13":1,"14":1,"15":2,"16":2,"17":2},"b":{"0":[1,9],"1":[10,1],"2":[9,1],"3":[1,8],"4":[9,8],"5":[1,7],"6":[8,7],"7":[1,6],"8":[7,6,1,1,1],"9":[1,5],"10":[1,4],"11":[3,1],"12":[4,1],"13":[1,8],"14":[9,1],"15":[0,0],"16":[0,0],"17":[0,0],"18":[0,0],"19":[0,0],"20":[0,0],"21":[0,0],"22":[0,0],"23":[0,0],"24":[0,0],"25":[2,2],"26":[1,1],"27":[1,0],"28":[0,1],"29":[1,0],"30":[1,1],"31":[1,0],"32":[1,1],"33":[2,1],"34":[1,1]},"_coverageSchema":"1a1c01bbd47fc00a2c39e90264f33305004495a9","hash":"971b57ac3a72e02aa456a7630a7e6eeeb764590a"}
,"C:\\Users\\User\\Desktop\\universal-browser-engine\\src\\plugins\\index.js": {"path":"C:\\Users\\User\\Desktop\\universal-browser-engine\\src\\plugins\\index.js","statementMap":{"0":{"start":{"line":7,"column":24},"end":{"line":7,"column":45}},"1":{"start":{"line":8,"column":13},"end":{"line":8,"column":23}},"2":{"start":{"line":10,"column":2},"end":{"line":12,"column":3}},"3":{"start":{"line":11,"column":4},"end":{"line":11,"column":47}},"4":{"start":{"line":14,"column":2},"end":{"line":16,"column":3}},"5":{"start":{"line":15,"column":4},"end":{"line":15,"column":49}},"6":{"start":{"line":18,"column":2},"end":{"line":18,"column":47}}},"fnMap":{"0":{"name":"loadPluginsBasedOnDetection","decl":{"start":{"line":6,"column":16},"end":{"line":6,"column":43}},"loc":{"start":{"line":6,"column":46},"end":{"line":19,"column":1}},"line":6}},"branchMap":{"0":{"loc":{"start":{"line":10,"column":2},"end":{"line":12,"column":3}},"type":"if","locations":[{"start":{"line":10,"column":2},"end":{"line":12,"column":3}},{"start":{},"end":{}}],"line":10},"1":{"loc":{"start":{"line":10,"column":6},"end":{"line":10,"column":67}},"type":"binary-expr","locations":[{"start":{"line":10,"column":6},"end":{"line":10,"column":31}},{"start":{"line":10,"column":35},"end":{"line":10,"column":67}}],"line":10},"2":{"loc":{"start":{"line":14,"column":2},"end":{"line":16,"column":3}},"type":"if","locations":[{"start":{"line":14,"column":2},"end":{"line":16,"column":3}},{"start":{},"end":{}}],"line":14}},"s":{"0":3,"1":3,"2":3,"3":3,"4":3,"5":2,"6":3},"f":{"0":3},"b":{"0":[3,0],"1":[3,0],"2":[2,1]},"_coverageSchema":"1a1c01bbd47fc00a2c39e90264f33305004495a9","hash":"c4586b1ea96d4bf1876aff3b4be08253c3db14f6"}
,"C:\\Users\\User\\Desktop\\universal-browser-engine\\src\\polyfills\\index.js": {"path":"C:\\Users\\User\\Desktop\\universal-browser-engine\\src\\polyfills\\index.js","statementMap":{"0":{"start":{"line":3,"column":2},"end":{"line":21,"column":3}},"1":{"start":{"line":4,"column":4},"end":{"line":4,"column":62}},"2":{"start":{"line":6,"column":4},"end":{"line":6,"column":22}},"3":{"start":{"line":7,"column":9},"end":{"line":21,"column":3}},"4":{"start":{"line":8,"column":4},"end":{"line":8,"column":65}},"5":{"start":{"line":10,"column":4},"end":{"line":10,"column":27}},"6":{"start":{"line":11,"column":9},"end":{"line":21,"column":3}},"7":{"start":{"line":12,"column":4},"end":{"line":12,"column":63}},"8":{"start":{"line":14,"column":4},"end":{"line":14,"column":25}},"9":{"start":{"line":15,"column":9},"end":{"line":21,"column":3}},"10":{"start":{"line":16,"column":4},"end":{"line":16,"column":65}},"11":{"start":{"line":18,"column":4},"end":{"line":18,"column":26}},"12":{"start":{"line":20,"column":4},"end":{"line":20,"column":56}}},"fnMap":{"0":{"name":"applyPolyfills","decl":{"start":{"line":2,"column":16},"end":{"line":2,"column":30}},"loc":{"start":{"line":2,"column":39},"end":{"line":22,"column":1}},"line":2},"1":{"name":"loadIEPolyfills","decl":{"start":{"line":24,"column":9},"end":{"line":24,"column":24}},"loc":{"start":{"line":24,"column":27},"end":{"line":24,"column":29}},"line":24},"2":{"name":"loadFirefoxPolyfills","decl":{"start":{"line":26,"column":9},"end":{"line":26,"column":29}},"loc":{"start":{"line":26,"column":32},"end":{"line":26,"column":34}},"line":26},"3":{"name":"loadBlinkPolyfills","decl":{"start":{"line":28,"column":9},"end":{"line":28,"column":27}},"loc":{"start":{"line":28,"column":30},"end":{"line":28,"column":32}},"line":28},"4":{"name":"loadWebKitPolyfills","decl":{"start":{"line":30,"column":9},"end":{"line":30,"column":28}},"loc":{"start":{"line":30,"column":31},"end":{"line":30,"column":33}},"line":30}},"branchMap":{"0":{"loc":{"start":{"line":3,"column":2},"end":{"line":21,"column":3}},"type":"if","locations":[{"start":{"line":3,"column":2},"end":{"line":21,"column":3}},{"start":{"line":7,"column":9},"end":{"line":21,"column":3}}],"line":3},"1":{"loc":{"start":{"line":7,"column":9},"end":{"line":21,"column":3}},"type":"if","locations":[{"start":{"line":7,"column":9},"end":{"line":21,"column":3}},{"start":{"line":11,"column":9},"end":{"line":21,"column":3}}],"line":7},"2":{"loc":{"start":{"line":11,"column":9},"end":{"line":21,"column":3}},"type":"if","locations":[{"start":{"line":11,"column":9},"end":{"line":21,"column":3}},{"start":{"line":15,"column":9},"end":{"line":21,"column":3}}],"line":11},"3":{"loc":{"start":{"line":15,"column":9},"end":{"line":21,"column":3}},"type":"if","locations":[{"start":{"line":15,"column":9},"end":{"line":21,"column":3}},{"start":{"line":19,"column":9},"end":{"line":21,"column":3}}],"line":15}},"s":{"0":9,"1":1,"2":1,"3":8,"4":1,"5":1,"6":7,"7":2,"8":2,"9":5,"10":1,"11":1,"12":4},"f":{"0":9,"1":1,"2":1,"3":2,"4":1},"b":{"0":[1,8],"1":[1,7],"2":[2,5],"3":[1,4]},"_coverageSchema":"1a1c01bbd47fc00a2c39e90264f33305004495a9","hash":"e18be72b6659363dd8290ea27a2c3fc9e133dcf7"}
}
