TN:
SF:src\detection\index.js
FN:8,isCacheExpired
FN:12,detectBrowserEngine
FN:58,detectOS
FN:81,resetBrowserEngineCache
FN:87,isDarkModeEnabled
FN:98,getNetworkSpeed
FN:99,(anonymous_6)
FN:100,(anonymous_7)
FN:114,getGPUInfo
FN:115,(anonymous_9)
FN:116,(anonymous_10)
FN:136,isTouchDevice
FN:137,(anonymous_12)
FN:138,(anonymous_13)
FN:148,getReferrer
FN:156,isConnectionSecure
FN:164,detectBrowserVulnerabilities
FN:175,detectFingerprinting
FNF:18
FNH:17
FNDA:1,isCacheExpired
FNDA:10,detectBrowserEngine
FNDA:0,detectOS
FNDA:23,resetBrowserEngineCache
FNDA:2,isDarkModeEnabled
FNDA:3,getNetworkSpeed
FNDA:3,(anonymous_6)
FNDA:3,(anonymous_7)
FNDA:1,getGPUInfo
FNDA:1,(anonymous_9)
FNDA:1,(anonymous_10)
FNDA:1,isTouchDevice
FNDA:1,(anonymous_12)
FNDA:1,(anonymous_13)
FNDA:1,getReferrer
FNDA:2,isConnectionSecure
FNDA:2,detectBrowserVulnerabilities
FNDA:2,detectFingerprinting
DA:3,2
DA:4,2
DA:5,2
DA:6,2
DA:9,1
DA:13,10
DA:14,1
DA:17,9
DA:18,9
DA:19,9
DA:23,9
DA:24,1
DA:25,8
DA:26,1
DA:27,7
DA:34,1
DA:35,6
DA:36,1
DA:37,5
DA:38,1
DA:39,4
DA:40,3
DA:42,1
DA:45,9
DA:46,1
DA:49,9
DA:50,9
DA:51,9
DA:52,9
DA:54,0
DA:59,0
DA:61,0
DA:62,0
DA:63,0
DA:65,0
DA:66,0
DA:67,0
DA:68,0
DA:69,0
DA:70,0
DA:71,0
DA:73,0
DA:74,0
DA:75,0
DA:77,0
DA:82,23
DA:83,23
DA:84,23
DA:88,2
DA:89,2
DA:94,0
DA:99,3
DA:100,3
DA:101,3
DA:102,3
DA:108,1
DA:115,1
DA:116,1
DA:117,1
DA:118,1
DA:120,1
DA:121,1
DA:123,1
DA:124,1
DA:130,0
DA:137,1
DA:138,1
DA:139,1
DA:140,1
DA:142,0
DA:149,1
DA:150,1
DA:152,0
DA:157,2
DA:158,2
DA:160,0
DA:165,2
DA:166,2
DA:167,2
DA:171,0
DA:176,2
DA:177,2
DA:179,2
DA:180,2
DA:181,1
DA:183,1
DA:186,0
LF:87
LH:64
BRDA:13,0,0,1
BRDA:13,0,1,9
BRDA:13,1,0,10
BRDA:13,1,1,1
BRDA:18,2,0,9
BRDA:18,2,1,1
BRDA:23,3,0,1
BRDA:23,3,1,8
BRDA:23,4,0,9
BRDA:23,4,1,8
BRDA:25,5,0,1
BRDA:25,5,1,7
BRDA:25,6,0,8
BRDA:25,6,1,7
BRDA:27,7,0,1
BRDA:27,7,1,6
BRDA:28,8,0,7
BRDA:28,8,1,6
BRDA:28,8,2,1
BRDA:28,8,3,1
BRDA:28,8,4,1
BRDA:35,9,0,1
BRDA:35,9,1,5
BRDA:37,10,0,1
BRDA:37,10,1,4
BRDA:39,11,0,3
BRDA:39,11,1,1
BRDA:39,12,0,4
BRDA:39,12,1,1
BRDA:45,13,0,1
BRDA:45,13,1,8
BRDA:45,14,0,9
BRDA:45,14,1,1
BRDA:59,15,0,0
BRDA:59,15,1,0
BRDA:59,16,0,0
BRDA:59,16,1,0
BRDA:62,17,0,0
BRDA:62,17,1,0
BRDA:65,18,0,0
BRDA:65,18,1,0
BRDA:66,19,0,0
BRDA:66,19,1,0
BRDA:67,20,0,0
BRDA:67,20,1,0
BRDA:68,21,0,0
BRDA:68,21,1,0
BRDA:69,22,0,0
BRDA:69,22,1,0
BRDA:70,23,0,0
BRDA:70,23,1,0
BRDA:71,24,0,0
BRDA:71,24,1,0
BRDA:90,25,0,2
BRDA:90,25,1,2
BRDA:103,26,0,1
BRDA:103,26,1,1
BRDA:120,27,0,1
BRDA:120,27,1,0
BRDA:121,28,0,0
BRDA:121,28,1,1
BRDA:125,29,0,1
BRDA:125,29,1,0
BRDA:140,30,0,1
BRDA:140,30,1,1
BRDA:150,31,0,1
BRDA:150,31,1,0
BRDA:167,32,0,1
BRDA:167,32,1,1
BRDA:179,33,0,2
BRDA:179,33,1,1
BRDA:180,34,0,1
BRDA:180,34,1,1
BRF:73
BRH:49
end_of_record
TN:
SF:src\plugins\index.js
FN:6,loadPluginsBasedOnDetection
FNF:1
FNH:1
FNDA:3,loadPluginsBasedOnDetection
DA:7,3
DA:8,3
DA:10,3
DA:11,3
DA:14,3
DA:15,2
DA:18,3
LF:7
LH:7
BRDA:10,0,0,3
BRDA:10,0,1,0
BRDA:10,1,0,3
BRDA:10,1,1,0
BRDA:14,2,0,2
BRDA:14,2,1,1
BRF:6
BRH:4
end_of_record
TN:
SF:src\polyfills\index.js
FN:2,applyPolyfills
FN:24,loadIEPolyfills
FN:26,loadFirefoxPolyfills
FN:28,loadBlinkPolyfills
FN:30,loadWebKitPolyfills
FNF:5
FNH:5
FNDA:9,applyPolyfills
FNDA:1,loadIEPolyfills
FNDA:1,loadFirefoxPolyfills
FNDA:2,loadBlinkPolyfills
FNDA:1,loadWebKitPolyfills
DA:3,9
DA:4,1
DA:6,1
DA:7,8
DA:8,1
DA:10,1
DA:11,7
DA:12,2
DA:14,2
DA:15,5
DA:16,1
DA:18,1
DA:20,4
LF:13
LH:13
BRDA:3,0,0,1
BRDA:3,0,1,8
BRDA:7,1,0,1
BRDA:7,1,1,7
BRDA:11,2,0,2
BRDA:11,2,1,5
BRDA:15,3,0,1
BRDA:15,3,1,4
BRF:8
BRH:8
end_of_record
